<?xml version="1.0" encoding="UTF-8"?>
<testsuites name="Mocha Tests" time="15.266" tests="1" failures="0">
  <testsuite name="Root Suite" timestamp="2022-11-23T00:22:05" tests="0" file="cypress\e2e\firstTest.cy.js" time="0.000" failures="0">
  </testsuite>
  <testsuite name="Our First Test Suite" timestamp="2022-11-23T00:22:05" tests="1" time="15.106" failures="0">
    <testcase name="Our First Test Suite first test" time="13.224" classname="first test">
    </testcase>
  </testsuite>
</testsuites>